Using pre-set license
Built from '2020.3/staging' branch; Version is '2020.3.17f1 (a4537701e4ab) revision 10769271'; Using compiler version '192528614'; Build Type 'Release'
OS: 'Windows 10 Enterprise; OS build 19043.928; Version 2009; 64bit' Language: 'en' Physical Memory: 16307 MB
BatchMode: 1, IsHumanControllingUs: 0, StartBugReporterOnCrash: 0, Is64bit: 1, IsPro: 0

COMMAND LINE ARGUMENTS:
C:\Program Files\Unity\Editor\Unity.exe
-adb2
-batchMode
-noUpm
-name
AssetImportWorker0
-projectPath
C:/Users/A00252166/Documents/GitHub/Jamie-Ray-VR/Tree Defence Simulator
-logFile
Logs/AssetImportWorker0.log
-srvPort
52422
Successfully changed project path to: C:/Users/A00252166/Documents/GitHub/Jamie-Ray-VR/Tree Defence Simulator
C:/Users/A00252166/Documents/GitHub/Jamie-Ray-VR/Tree Defence Simulator
Using Asset Import Pipeline V2.
Refreshing native plugins compatible for Editor in 107.57 ms, found 10 plugins.
Preloading 1 native plugins for Editor in 0.99 ms.
Initialize engine version: 2020.3.17f1 (a4537701e4ab)
[Subsystems] Discovering subsystems at path C:/Program Files/Unity/Editor/Data/Resources/UnitySubsystems
[Subsystems] Discovering subsystems at path C:/Users/A00252166/Documents/GitHub/Jamie-Ray-VR/Tree Defence Simulator/Assets
GfxDevice: creating device client; threaded=0
Direct3D:
    Version:  Direct3D 11.0 [level 11.0]
    Renderer: NVIDIA GeForce GTX 760 (ID=0x1187)
    Vendor:   
    VRAM:     2007 MB
    Driver:   27.21.14.5671
Initialize mono
Mono path[0] = 'C:/Program Files/Unity/Editor/Data/Managed'
Mono path[1] = 'C:/Program Files/Unity/Editor/Data/MonoBleedingEdge/lib/mono/unityjit'
Mono config path = 'C:/Program Files/Unity/Editor/Data/MonoBleedingEdge/etc'
Using monoOptions --debugger-agent=transport=dt_socket,embedding=1,server=y,suspend=n,address=127.0.0.1:56156
Begin MonoManager ReloadAssembly
Registering precompiled unity dll's ...
Register platform support module: C:/Program Files/Unity/Editor/Data/PlaybackEngines/WindowsStandaloneSupport/UnityEditor.WindowsStandalone.Extensions.dll
Registered in 0.002425 seconds.
Native extension for WindowsStandalone target not found
Refreshing native plugins compatible for Editor in 102.03 ms, found 10 plugins.
Preloading 1 native plugins for Editor in 0.10 ms.
Mono: successfully reloaded assembly
- Completed reload, in  1.606 seconds
Domain Reload Profiling:
	ReloadAssembly (1607ms)
		BeginReloadAssembly (70ms)
			ExecutionOrderSort (0ms)
			DisableScriptedObjects (0ms)
			BackupInstance (0ms)
			ReleaseScriptingObjects (0ms)
			CreateAndSetChildDomain (1ms)
		EndReloadAssembly (802ms)
			LoadAssemblies (66ms)
			RebuildTransferFunctionScriptingTraits (0ms)
			SetupTypeCache (272ms)
			ReleaseScriptCaches (0ms)
			RebuildScriptCaches (58ms)
			SetupLoadedEditorAssemblies (310ms)
				LogAssemblyErrors (0ms)
				InitializePlatformSupportModulesInManaged (5ms)
				SetLoadedEditorAssemblies (0ms)
				RefreshPlugins (102ms)
				BeforeProcessingInitializeOnLoad (34ms)
				ProcessInitializeOnLoadAttributes (130ms)
				ProcessInitializeOnLoadMethodAttributes (39ms)
				AfterProcessingInitializeOnLoad (0ms)
				EditorAssembliesLoaded (0ms)
			ExecutionOrderSort2 (0ms)
			AwakeInstancesAfterBackupRestoration (0ms)
Platform modules already initialized, skipping
Registering precompiled user dll's ...
Registered in 0.010805 seconds.
Begin MonoManager ReloadAssembly
Native extension for WindowsStandalone target not found
Refreshing native plugins compatible for Editor in 96.82 ms, found 10 plugins.
Preloading 1 native plugins for Editor in 0.09 ms.
[XR] OculusXRPlugin: registering subsystems
[XR] Unable to register display lifecyle provider: [1]
[XR] Oculus Input lifecycle provider registered.
[XR] Unable to register input lifecyle provider: [1]
System.Reflection.TargetInvocationException: Exception has been thrown by the target of an invocation. ---> System.NullReferenceException: Object reference not set to an instance of an object
  at Unity.XR.Oculus.OculusLoader.AssetPathToAbsolutePath (System.String assetPath) [0x00048] in C:\Users\A00252166\Documents\GitHub\Jamie-Ray-VR\Tree Defence Simulator\Library\PackageCache\com.unity.xr.oculus@1.10.0\Runtime\OculusLoader.cs:250 
  at Unity.XR.Oculus.OculusLoader.EditorLoadOVRPlugin () [0x0007b] in C:\Users\A00252166\Documents\GitHub\Jamie-Ray-VR\Tree Defence Simulator\Library\PackageCache\com.unity.xr.oculus@1.10.0\Runtime\OculusLoader.cs:235 
  at (wrapper managed-to-native) System.Reflection.MonoMethod.InternalInvoke(System.Reflection.MonoMethod,object,object[],System.Exception&)
  at System.Reflection.MonoMethod.Invoke (System.Object obj, System.Reflection.BindingFlags invokeAttr, System.Reflection.Binder binder, System.Object[] parameters, System.Globalization.CultureInfo culture) [0x00032] in <695d1cc93cca45069c528c15c9fdd749>:0 
   --- End of inner exception stack trace ---
  at System.Reflection.MonoMethod.Invoke (System.Object obj, System.Reflection.BindingFlags invokeAttr, System.Reflection.Binder binder, System.Object[] parameters, System.Globalization.CultureInfo culture) [0x00048] in <695d1cc93cca45069c528c15c9fdd749>:0 
  at System.Reflection.MethodBase.Invoke (System.Object obj, System.Object[] parameters) [0x00000] in <695d1cc93cca45069c528c15c9fdd749>:0 
  at UnityEditor.EditorAssemblies.ProcessInitializeOnLoadMethodAttributes () [0x00047] in <d0e4b8c1204147f3935b6e9c8b8565ad>:0 
UnityEngine.StackTraceUtility:ExtractStackTrace ()
UnityEngine.DebugLogHandler:LogFormat (UnityEngine.LogType,UnityEngine.Object,string,object[])
UnityEngine.Logger:Log (UnityEngine.LogType,object)
UnityEngine.Debug:LogError (object)
UnityEditor.EditorAssemblies:ProcessInitializeOnLoadMethodAttributes ()

Mono: successfully reloaded assembly
- Completed reload, in  1.799 seconds
Domain Reload Profiling:
	ReloadAssembly (1800ms)
		BeginReloadAssembly (190ms)
			ExecutionOrderSort (0ms)
			DisableScriptedObjects (6ms)
			BackupInstance (0ms)
			ReleaseScriptingObjects (0ms)
			CreateAndSetChildDomain (22ms)
		EndReloadAssembly (1527ms)
			LoadAssemblies (127ms)
			RebuildTransferFunctionScriptingTraits (0ms)
			SetupTypeCache (431ms)
			ReleaseScriptCaches (1ms)
			RebuildScriptCaches (81ms)
			SetupLoadedEditorAssemblies (709ms)
				LogAssemblyErrors (0ms)
				InitializePlatformSupportModulesInManaged (5ms)
				SetLoadedEditorAssemblies (1ms)
				RefreshPlugins (97ms)
				BeforeProcessingInitializeOnLoad (137ms)
				ProcessInitializeOnLoadAttributes (441ms)
				ProcessInitializeOnLoadMethodAttributes (20ms)
				AfterProcessingInitializeOnLoad (8ms)
				EditorAssembliesLoaded (0ms)
			ExecutionOrderSort2 (0ms)
			AwakeInstancesAfterBackupRestoration (8ms)
Platform modules already initialized, skipping
========================================================================
Worker process is ready to serve import requests
Launched and connected shader compiler UnityShaderCompiler.exe after 0.09 seconds
Refreshing native plugins compatible for Editor in 1.08 ms, found 10 plugins.
Preloading 1 native plugins for Editor in 0.10 ms.
Unloading 3406 Unused Serialized files (Serialized files now loaded: 0)
System memory in use before: 148.2 MB.
System memory in use after: 148.4 MB.

Unloading 40 unused Assets to reduce memory usage. Loaded Objects now: 3836.
Total: 4.105500 ms (FindLiveObjects: 0.309900 ms CreateObjectMapping: 0.147100 ms MarkObjects: 3.556800 ms  DeleteObjects: 0.090400 ms)

AssetImportParameters requested are different than current active one (requested -> active):
  custom:framework-win-MediaFoundation: 216162199b28c13a410421893ffa2e32 -> 
  custom:video-decoder-ogg-theora: a1e56fd34408186e4bbccfd4996cb3dc -> 
  custom:container-muxer-webm: aa71ff27fc2769a1b78a27578f13a17b -> 
  custom:container-demuxer-webm: 4f35f7cbe854078d1ac9338744f61a02 -> 
  custom:container-demuxer-ogg: 62fdf1f143b41e24485cea50d1cbac27 -> 
  custom:video-encoder-webm-vp8: eb34c28f22e8b96e1ab97ce403110664 -> 
  custom:video-decoder-webm-vp8: 9c59270c3fd7afecdb556c50c9e8de78 -> 
  custom:audio-decoder-ogg-vorbis: bf7c407c2cedff20999df2af8eb42d56 -> 
  custom:audio-encoder-webm-vorbis: bf7c407c2cedff20999df2af8eb42d56 -> 
========================================================================
Received Import Request.
  path: Assets/Scenes
  artifactKey: Guid(ea9d9df490abffe46906cda64abf03ae) Importer(815301076,1909f56bfc062723c751e8b465ee728b)
Start importing Assets/Scenes using Guid(ea9d9df490abffe46906cda64abf03ae) Importer(815301076,1909f56bfc062723c751e8b465ee728b)  -> (artifact id: 'b88d510e095ef36d98919b578d5b5f89') in 0.012581 seconds 
  Import took 0.018374 seconds .

========================================================================
Received Import Request.
  Time since last request: 0.000252 seconds.
  path: Assets/New Terrain.asset
  artifactKey: Guid(77a0a0afc28e90e4eae92a59e32e6778) Importer(815301076,1909f56bfc062723c751e8b465ee728b)
Start importing Assets/New Terrain.asset using Guid(77a0a0afc28e90e4eae92a59e32e6778) Importer(815301076,1909f56bfc062723c751e8b465ee728b) The tree Tree_Small couldn't be instanced because the prefab contains no valid mesh renderer.

 -> (artifact id: 'f1a8eb8076e83fe3f3321e6cc43f323b') in 0.057231 seconds 
  Import took 0.063287 seconds .

========================================================================
Received Import Request.
  Time since last request: 0.000212 seconds.
  path: Assets/Readme.asset
  artifactKey: Guid(83c2ed844a8c74b779a4c823d16594b1) Importer(815301076,1909f56bfc062723c751e8b465ee728b)
Start importing Assets/Readme.asset using Guid(83c2ed844a8c74b779a4c823d16594b1) Importer(815301076,1909f56bfc062723c751e8b465ee728b)  -> (artifact id: '8ffd2c44ffeb50c574abb5d0c4453328') in 0.010666 seconds 
  Import took 0.016339 seconds .

========================================================================
Received Import Request.
  Time since last request: 1.060074 seconds.
  path: Assets/Scenes/Tree Area.unity
  artifactKey: Guid(424839718e06d494a9d8ec9d57fc668d) Importer(815301076,1909f56bfc062723c751e8b465ee728b)
Start importing Assets/Scenes/Tree Area.unity using Guid(424839718e06d494a9d8ec9d57fc668d) Importer(815301076,1909f56bfc062723c751e8b465ee728b)  -> (artifact id: 'cd1fb523bca9b63cb5717161e4282c74') in 0.007591 seconds 
  Import took 0.013739 seconds .

========================================================================
Received Import Request.
  Time since last request: 0.000573 seconds.
  path: Assets/Scenes/Tree Area.unity
  artifactKey: Guid(424839718e06d494a9d8ec9d57fc668d) Importer(815301076,1909f56bfc062723c751e8b465ee728b)
Start importing Assets/Scenes/Tree Area.unity using Guid(424839718e06d494a9d8ec9d57fc668d) Importer(815301076,1909f56bfc062723c751e8b465ee728b)  -> (artifact id: 'cd1fb523bca9b63cb5717161e4282c74') in 0.002574 seconds 
  Import took 0.008470 seconds .

========================================================================
Received Import Request.
  Time since last request: 4.418196 seconds.
  path: Assets
  artifactKey: Guid(00000000000000001000000000000000) Importer(815301076,1909f56bfc062723c751e8b465ee728b)
Start importing Assets using Guid(00000000000000001000000000000000) Importer(815301076,1909f56bfc062723c751e8b465ee728b)  -> (artifact id: '42d402b061de3733987d63b9cc3b64de') in 0.010137 seconds 
  Import took 0.019744 seconds .

========================================================================
Received Prepare
Registering precompiled user dll's ...
Registered in 0.010488 seconds.
Begin MonoManager ReloadAssembly
Native extension for WindowsStandalone target not found
Refreshing native plugins compatible for Editor in 2.32 ms, found 10 plugins.
Preloading 1 native plugins for Editor in 0.25 ms.
System.Reflection.TargetInvocationException: Exception has been thrown by the target of an invocation. ---> System.NullReferenceException: Object reference not set to an instance of an object
  at Unity.XR.Oculus.OculusLoader.AssetPathToAbsolutePath (System.String assetPath) [0x00048] in C:\Users\A00252166\Documents\GitHub\Jamie-Ray-VR\Tree Defence Simulator\Library\PackageCache\com.unity.xr.oculus@1.10.0\Runtime\OculusLoader.cs:250 
  at Unity.XR.Oculus.OculusLoader.EditorLoadOVRPlugin () [0x0007b] in C:\Users\A00252166\Documents\GitHub\Jamie-Ray-VR\Tree Defence Simulator\Library\PackageCache\com.unity.xr.oculus@1.10.0\Runtime\OculusLoader.cs:235 
  at (wrapper managed-to-native) System.Reflection.MonoMethod.InternalInvoke(System.Reflection.MonoMethod,object,object[],System.Exception&)
  at System.Reflection.MonoMethod.Invoke (System.Object obj, System.Reflection.BindingFlags invokeAttr, System.Reflection.Binder binder, System.Object[] parameters, System.Globalization.CultureInfo culture) [0x00032] in <695d1cc93cca45069c528c15c9fdd749>:0 
   --- End of inner exception stack trace ---
  at System.Reflection.MonoMethod.Invoke (System.Object obj, System.Reflection.BindingFlags invokeAttr, System.Reflection.Binder binder, System.Object[] parameters, System.Globalization.CultureInfo culture) [0x00048] in <695d1cc93cca45069c528c15c9fdd749>:0 
  at System.Reflection.MethodBase.Invoke (System.Object obj, System.Object[] parameters) [0x00000] in <695d1cc93cca45069c528c15c9fdd749>:0 
  at UnityEditor.EditorAssemblies.ProcessInitializeOnLoadMethodAttributes () [0x00047] in <d0e4b8c1204147f3935b6e9c8b8565ad>:0 
UnityEngine.StackTraceUtility:ExtractStackTrace ()
UnityEngine.DebugLogHandler:LogFormat (UnityEngine.LogType,UnityEngine.Object,string,object[])
UnityEngine.Logger:Log (UnityEngine.LogType,object)
UnityEngine.Debug:LogError (object)
UnityEditor.EditorAssemblies:ProcessInitializeOnLoadMethodAttributes ()

Mono: successfully reloaded assembly
- Completed reload, in  1.867 seconds
Domain Reload Profiling:
	ReloadAssembly (1868ms)
		BeginReloadAssembly (160ms)
			ExecutionOrderSort (0ms)
			DisableScriptedObjects (6ms)
			BackupInstance (0ms)
			ReleaseScriptingObjects (0ms)
			CreateAndSetChildDomain (55ms)
		EndReloadAssembly (1615ms)
			LoadAssemblies (126ms)
			RebuildTransferFunctionScriptingTraits (0ms)
			SetupTypeCache (421ms)
			ReleaseScriptCaches (1ms)
			RebuildScriptCaches (118ms)
			SetupLoadedEditorAssemblies (678ms)
				LogAssemblyErrors (0ms)
				InitializePlatformSupportModulesInManaged (13ms)
				SetLoadedEditorAssemblies (1ms)
				RefreshPlugins (3ms)
				BeforeProcessingInitializeOnLoad (170ms)
				ProcessInitializeOnLoadAttributes (462ms)
				ProcessInitializeOnLoadMethodAttributes (19ms)
				AfterProcessingInitializeOnLoad (9ms)
				EditorAssembliesLoaded (0ms)
			ExecutionOrderSort2 (0ms)
			AwakeInstancesAfterBackupRestoration (15ms)
Platform modules already initialized, skipping
Refreshing native plugins compatible for Editor in 1.20 ms, found 10 plugins.
Preloading 1 native plugins for Editor in 0.10 ms.
Unloading 3285 Unused Serialized files (Serialized files now loaded: 0)
System memory in use before: 142.7 MB.
System memory in use after: 143.0 MB.

Unloading 33 unused Assets to reduce memory usage. Loaded Objects now: 3847.
Total: 4.154200 ms (FindLiveObjects: 0.307700 ms CreateObjectMapping: 0.143800 ms MarkObjects: 3.668400 ms  DeleteObjects: 0.032800 ms)

AssetImportParameters requested are different than current active one (requested -> active):
  custom:framework-win-MediaFoundation: 216162199b28c13a410421893ffa2e32 -> 
  custom:video-decoder-ogg-theora: a1e56fd34408186e4bbccfd4996cb3dc -> 
  custom:container-muxer-webm: aa71ff27fc2769a1b78a27578f13a17b -> 
  custom:container-demuxer-webm: 4f35f7cbe854078d1ac9338744f61a02 -> 
  custom:container-demuxer-ogg: 62fdf1f143b41e24485cea50d1cbac27 -> 
  custom:video-encoder-webm-vp8: eb34c28f22e8b96e1ab97ce403110664 -> 
  custom:video-decoder-webm-vp8: 9c59270c3fd7afecdb556c50c9e8de78 -> 
  custom:audio-decoder-ogg-vorbis: bf7c407c2cedff20999df2af8eb42d56 -> 
  custom:audio-encoder-webm-vorbis: bf7c407c2cedff20999df2af8eb42d56 -> 
========================================================================
Received Import Request.
  Time since last request: 103.435249 seconds.
  path: Assets/Assets
  artifactKey: Guid(6d8aebbb5a4aed74789755f230eabf17) Importer(815301076,1909f56bfc062723c751e8b465ee728b)
Start importing Assets/Assets using Guid(6d8aebbb5a4aed74789755f230eabf17) Importer(815301076,1909f56bfc062723c751e8b465ee728b)  -> (artifact id: '766fd423b11110c8b8fad6845440d9c6') in 0.012221 seconds 
  Import took 0.019118 seconds .

========================================================================
Received Import Request.
  Time since last request: 0.070072 seconds.
  path: Assets/Assets/14b65468c49d32378568608820b0078f.jpg
  artifactKey: Guid(d7059499a111c9c42bc8c5b142d2a337) Importer(815301076,1909f56bfc062723c751e8b465ee728b)
Start importing Assets/Assets/14b65468c49d32378568608820b0078f.jpg using Guid(d7059499a111c9c42bc8c5b142d2a337) Importer(815301076,1909f56bfc062723c751e8b465ee728b)  -> (artifact id: '98be0a3929cf194ecc10c830d51ee317') in 0.113360 seconds 
  Import took 0.119540 seconds .

========================================================================
Received Import Request.
  Time since last request: 0.000245 seconds.
  path: Assets/Assets/grass1.mat
  artifactKey: Guid(e0db9cd64957a7c4db7835e3224d8f99) Importer(815301076,1909f56bfc062723c751e8b465ee728b)
Start importing Assets/Assets/grass1.mat using Guid(e0db9cd64957a7c4db7835e3224d8f99) Importer(815301076,1909f56bfc062723c751e8b465ee728b)  -> (artifact id: '5ea443911ddaeb2a9ba2ee94ffb86243') in 0.312732 seconds 
  Import took 0.323612 seconds .

========================================================================
Received Import Request.
  Time since last request: 0.000490 seconds.
  path: Assets/Assets/dbg8qqd-0fb0aced-d05c-4df6-a7c6-b8e04c184ac5.png
  artifactKey: Guid(b410e78359dc1fd4d8d5e769dcd8478e) Importer(815301076,1909f56bfc062723c751e8b465ee728b)
Start importing Assets/Assets/dbg8qqd-0fb0aced-d05c-4df6-a7c6-b8e04c184ac5.png using Guid(b410e78359dc1fd4d8d5e769dcd8478e) Importer(815301076,1909f56bfc062723c751e8b465ee728b)  -> (artifact id: '79b2967a2c9214e31b608aee74a37e33') in 0.018176 seconds 
  Import took 0.024387 seconds .

========================================================================
Received Import Request.
  Time since last request: 0.000268 seconds.
  path: Assets/Assets/grass2.mat
  artifactKey: Guid(0a2f68993d12c0c4c8111a0933c62047) Importer(815301076,1909f56bfc062723c751e8b465ee728b)
Start importing Assets/Assets/grass2.mat using Guid(0a2f68993d12c0c4c8111a0933c62047) Importer(815301076,1909f56bfc062723c751e8b465ee728b)  -> (artifact id: '0d29ed20003e6558905ef0abdb8fdf3d') in 0.019841 seconds 
  Import took 0.026510 seconds .

========================================================================
Received Import Request.
  Time since last request: 2.381258 seconds.
  path: Assets/Assets/Low_Poly_Bush_001.blend
  artifactKey: Guid(6a5517834c8e4074ebe6d23f4fa4eb7b) Importer(815301076,1909f56bfc062723c751e8b465ee728b)
Start importing Assets/Assets/Low_Poly_Bush_001.blend using Guid(6a5517834c8e4074ebe6d23f4fa4eb7b) Importer(815301076,1909f56bfc062723c751e8b465ee728b)  -> (artifact id: 'e5e8563c7fa6da112b766a32d12e0f97') in 0.010539 seconds 
  Import took 0.021760 seconds .

========================================================================
Received Import Request.
  Time since last request: 0.001488 seconds.
  path: Assets/Assets/Low_Poly_Bush_001.blend
  artifactKey: Guid(6a5517834c8e4074ebe6d23f4fa4eb7b) Importer(815301076,1909f56bfc062723c751e8b465ee728b)
Start importing Assets/Assets/Low_Poly_Bush_001.blend using Guid(6a5517834c8e4074ebe6d23f4fa4eb7b) Importer(815301076,1909f56bfc062723c751e8b465ee728b)  -> (artifact id: 'e5e8563c7fa6da112b766a32d12e0f97') in 0.002976 seconds 
  Import took 0.009626 seconds .

========================================================================
Received Import Request.
  Time since last request: 247.074177 seconds.
  path: Assets/Assets/Low_Poly_Rock_002.blend
  artifactKey: Guid(96707861a991a3b4ea48ac564fea036b) Importer(815301076,1909f56bfc062723c751e8b465ee728b)
Start importing Assets/Assets/Low_Poly_Rock_002.blend using Guid(96707861a991a3b4ea48ac564fea036b) Importer(815301076,1909f56bfc062723c751e8b465ee728b)  -> (artifact id: 'ba6fedd4c4212be06060cfe60305aa68') in 0.011421 seconds 
  Import took 0.019797 seconds .

========================================================================
Received Import Request.
  Time since last request: 6.210168 seconds.
  path: Assets/Assets/Low_Poly_Rock_002.blend
  artifactKey: Guid(96707861a991a3b4ea48ac564fea036b) Importer(815301076,1909f56bfc062723c751e8b465ee728b)
Start importing Assets/Assets/Low_Poly_Rock_002.blend using Guid(96707861a991a3b4ea48ac564fea036b) Importer(815301076,1909f56bfc062723c751e8b465ee728b)  -> (artifact id: 'fb316dedce154fb3e3b9ac2deb56da70') in 0.331036 seconds 
  Import took 0.339894 seconds .

AssetImportWorkerClient::OnTransportError - code=2 error=End of file
